SF:lib/data/repositories/settings_repository_impl.dart
DA:13,1
DA:15,1
DA:17,1
DA:18,1
DA:19,1
DA:20,2
DA:21,1
DA:22,1
DA:26,1
DA:28,1
DA:30,2
DA:31,2
DA:32,3
DA:33,2
DA:34,2
LF:15
LH:15
end_of_record
SF:lib/domain/entities/settings_entity.dart
DA:10,2
DA:18,1
DA:25,1
DA:26,1
DA:27,1
DA:28,1
DA:29,1
DA:30,1
LF:8
LH:8
end_of_record
SF:lib/presentation/blocs/settings/settings_cubit.dart
DA:10,1
DA:11,2
DA:13,0
DA:17,1
DA:18,3
DA:20,2
DA:21,3
DA:23,4
DA:27,1
DA:28,3
DA:29,1
DA:32,1
DA:33,3
DA:34,1
DA:37,1
DA:38,3
DA:39,1
DA:42,1
DA:43,3
DA:44,1
DA:47,1
DA:48,3
DA:49,1
DA:52,1
DA:53,3
DA:55,2
DA:57,0
LF:27
LH:25
end_of_record
SF:lib/presentation/blocs/settings/settings_state.dart
DA:8,1
DA:14,1
DA:15,2
DA:18,1
DA:23,1
DA:24,1
DA:25,1
DA:26,1
LF:8
LH:8
end_of_record
